2024-12-16 23:40:40,289 INFO    StreamThr :28444 [internal.py:wandb_internal():86] W&B internal server running at pid: 28444, started at: 2024-12-16 23:40:40.289397
2024-12-16 23:40:40,293 DEBUG   HandlerThread:28444 [handler.py:handle_request():146] handle_request: status
2024-12-16 23:40:40,295 INFO    WriterThread:28444 [datastore.py:open_for_write():87] open: D:\360MoveData\Users\bless\Desktop\LRCD试验\LRCD1216\LRCD\wandb\run-20241216_234040-oj7wjkf8\run-oj7wjkf8.wandb
2024-12-16 23:40:40,299 DEBUG   SenderThread:28444 [sender.py:send():382] send: header
2024-12-16 23:40:40,299 DEBUG   SenderThread:28444 [sender.py:send():382] send: run
2024-12-16 23:40:44,238 INFO    SenderThread:28444 [retry.py:__call__():172] Retry attempt failed:
Traceback (most recent call last):
  File "C:\Users\bless\anaconda3\envs\bee\lib\site-packages\urllib3\connectionpool.py", line 712, in urlopen
    self._prepare_proxy(conn)
  File "C:\Users\bless\anaconda3\envs\bee\lib\site-packages\urllib3\connectionpool.py", line 1012, in _prepare_proxy
    conn.connect()
  File "C:\Users\bless\anaconda3\envs\bee\lib\site-packages\urllib3\connection.py", line 369, in connect
    self.sock = conn = self._connect_tls_proxy(hostname, conn)
  File "C:\Users\bless\anaconda3\envs\bee\lib\site-packages\urllib3\connection.py", line 504, in _connect_tls_proxy
    socket = ssl_wrap_socket(
  File "C:\Users\bless\anaconda3\envs\bee\lib\site-packages\urllib3\util\ssl_.py", line 453, in ssl_wrap_socket
    ssl_sock = _ssl_wrap_socket_impl(sock, context, tls_in_tls)
  File "C:\Users\bless\anaconda3\envs\bee\lib\site-packages\urllib3\util\ssl_.py", line 495, in _ssl_wrap_socket_impl
    return ssl_context.wrap_socket(sock)
  File "C:\Users\bless\anaconda3\envs\bee\lib\ssl.py", line 500, in wrap_socket
    return self.sslsocket_class._create(
  File "C:\Users\bless\anaconda3\envs\bee\lib\ssl.py", line 1073, in _create
    self.do_handshake()
  File "C:\Users\bless\anaconda3\envs\bee\lib\ssl.py", line 1342, in do_handshake
    self._sslobj.do_handshake()
ssl.SSLZeroReturnError: TLS/SSL connection has been closed (EOF) (_ssl.c:1131)

During handling of the above exception, another exception occurred:

Traceback (most recent call last):
  File "C:\Users\bless\anaconda3\envs\bee\lib\site-packages\requests\adapters.py", line 667, in send
    resp = conn.urlopen(
  File "C:\Users\bless\anaconda3\envs\bee\lib\site-packages\urllib3\connectionpool.py", line 799, in urlopen
    retries = retries.increment(
  File "C:\Users\bless\anaconda3\envs\bee\lib\site-packages\urllib3\util\retry.py", line 592, in increment
    raise MaxRetryError(_pool, url, error or ResponseError(cause))
urllib3.exceptions.MaxRetryError: HTTPSConnectionPool(host='api.wandb.ai', port=443): Max retries exceeded with url: /graphql (Caused by SSLError(SSLZeroReturnError(6, 'TLS/SSL connection has been closed (EOF) (_ssl.c:1131)')))

During handling of the above exception, another exception occurred:

Traceback (most recent call last):
  File "C:\Users\bless\anaconda3\envs\bee\lib\site-packages\wandb\sdk\lib\retry.py", line 131, in __call__
    result = self._call_fn(*args, **kwargs)
  File "C:\Users\bless\anaconda3\envs\bee\lib\site-packages\wandb\sdk\internal\internal_api.py", line 369, in execute
    return self.client.execute(*args, **kwargs)  # type: ignore
  File "C:\Users\bless\anaconda3\envs\bee\lib\site-packages\wandb\vendor\gql-0.2.0\wandb_gql\client.py", line 52, in execute
    result = self._get_result(document, *args, **kwargs)
  File "C:\Users\bless\anaconda3\envs\bee\lib\site-packages\wandb\vendor\gql-0.2.0\wandb_gql\client.py", line 60, in _get_result
    return self.transport.execute(document, *args, **kwargs)
  File "C:\Users\bless\anaconda3\envs\bee\lib\site-packages\wandb\sdk\lib\gql_request.py", line 58, in execute
    request = self.session.post(self.url, **post_args)
  File "C:\Users\bless\anaconda3\envs\bee\lib\site-packages\requests\sessions.py", line 637, in post
    return self.request("POST", url, data=data, json=json, **kwargs)
  File "C:\Users\bless\anaconda3\envs\bee\lib\site-packages\requests\sessions.py", line 589, in request
    resp = self.send(prep, **send_kwargs)
  File "C:\Users\bless\anaconda3\envs\bee\lib\site-packages\requests\sessions.py", line 703, in send
    r = adapter.send(request, **kwargs)
  File "C:\Users\bless\anaconda3\envs\bee\lib\site-packages\requests\adapters.py", line 698, in send
    raise SSLError(e, request=request)
requests.exceptions.SSLError: HTTPSConnectionPool(host='api.wandb.ai', port=443): Max retries exceeded with url: /graphql (Caused by SSLError(SSLZeroReturnError(6, 'TLS/SSL connection has been closed (EOF) (_ssl.c:1131)')))
2024-12-16 23:40:45,324 DEBUG   HandlerThread:28444 [handler.py:handle_request():146] handle_request: keepalive
2024-12-16 23:40:50,371 DEBUG   HandlerThread:28444 [handler.py:handle_request():146] handle_request: keepalive
2024-12-16 23:40:55,636 DEBUG   HandlerThread:28444 [handler.py:handle_request():146] handle_request: keepalive
2024-12-16 23:41:00,677 DEBUG   HandlerThread:28444 [handler.py:handle_request():146] handle_request: keepalive
2024-12-16 23:41:05,723 DEBUG   HandlerThread:28444 [handler.py:handle_request():146] handle_request: keepalive
2024-12-16 23:41:10,778 DEBUG   HandlerThread:28444 [handler.py:handle_request():146] handle_request: keepalive
2024-12-16 23:41:15,815 DEBUG   HandlerThread:28444 [handler.py:handle_request():146] handle_request: keepalive
2024-12-16 23:41:16,776 INFO    SenderThread:28444 [dir_watcher.py:__init__():211] watching files in: D:\360MoveData\Users\bless\Desktop\LRCD试验\LRCD1216\LRCD\wandb\run-20241216_234040-oj7wjkf8\files
2024-12-16 23:41:16,777 INFO    SenderThread:28444 [sender.py:_start_run_threads():1136] run started: oj7wjkf8 with start time 1734363640.291434
2024-12-16 23:41:16,777 DEBUG   HandlerThread:28444 [handler.py:handle_request():146] handle_request: status_report
2024-12-16 23:41:16,785 DEBUG   HandlerThread:28444 [handler.py:handle_request():146] handle_request: check_version
2024-12-16 23:41:16,786 DEBUG   SenderThread:28444 [sender.py:send_request():409] send_request: check_version
2024-12-16 23:41:17,990 DEBUG   HandlerThread:28444 [handler.py:handle_request():146] handle_request: run_start
2024-12-16 23:41:18,002 DEBUG   HandlerThread:28444 [system_info.py:__init__():27] System info init
2024-12-16 23:41:18,003 DEBUG   HandlerThread:28444 [system_info.py:__init__():42] System info init done
2024-12-16 23:41:18,003 INFO    HandlerThread:28444 [system_monitor.py:start():194] Starting system monitor
2024-12-16 23:41:18,003 INFO    SystemMonitor:28444 [system_monitor.py:_start():158] Starting system asset monitoring threads
2024-12-16 23:41:18,004 INFO    HandlerThread:28444 [system_monitor.py:probe():214] Collecting system info
2024-12-16 23:41:18,011 INFO    SystemMonitor:28444 [interfaces.py:start():190] Started cpu monitoring
2024-12-16 23:41:18,012 DEBUG   HandlerThread:28444 [system_info.py:probe():151] Probing system
2024-12-16 23:41:18,012 DEBUG   HandlerThread:28444 [system_info.py:probe():199] Probing system done
2024-12-16 23:41:18,012 DEBUG   HandlerThread:28444 [system_monitor.py:probe():223] {'os': 'Windows-10-10.0.22631-SP0', 'python': '3.8.18', 'heartbeatAt': '2024-12-16T15:41:18.012579', 'startedAt': '2024-12-16T15:40:40.270525', 'docker': None, 'cuda': None, 'args': ('--method=orcdf', '--train_file=data/SLP-BIO,data/SLP-PHY', '--test_file=data/SLP-MAT', '--seed=0', '--batch_size=256', '--device=cpu', '--epoch=20', '--lr=2.5e-4', '--latent_dim=64', '--inter=kancd', '--ssl_temp=0.5', '--ssl_weight=1e-3', '--flip_ratio=0.15', '--gcn_layers=3', '--keep_prob=1.0', '--weight_decay=0'), 'state': 'running', 'program': 'main.py', 'codePathLocal': 'main.py', 'codePath': 'main.py', 'host': 'zhouzh', 'username': 'bless', 'executable': 'C:\\Users\\bless\\anaconda3\\envs\\bee\\python.exe', 'cpu_count': 12, 'cpu_count_logical': 16, 'cpu_freq': {'current': 2500.0, 'min': 0.0, 'max': 2500.0}, 'cpu_freq_per_core': [{'current': 2500.0, 'min': 0.0, 'max': 2500.0}], 'disk': {'/': {'total': 814.1572227478027, 'used': 302.70391845703125}}, 'memory': {'total': 15.730705261230469}}
2024-12-16 23:41:18,012 INFO    SystemMonitor:28444 [interfaces.py:start():190] Started disk monitoring
2024-12-16 23:41:18,013 INFO    HandlerThread:28444 [system_monitor.py:probe():224] Finished collecting system info
2024-12-16 23:41:18,013 INFO    HandlerThread:28444 [system_monitor.py:probe():227] Publishing system info
2024-12-16 23:41:18,014 INFO    SystemMonitor:28444 [interfaces.py:start():190] Started memory monitoring
2024-12-16 23:41:18,014 DEBUG   HandlerThread:28444 [system_info.py:_save_conda():208] Saving list of conda packages installed into the current environment
2024-12-16 23:41:18,025 INFO    SystemMonitor:28444 [interfaces.py:start():190] Started network monitoring
2024-12-16 23:41:18,028 ERROR   HandlerThread:28444 [system_info.py:_save_conda():219] Error saving conda packages: [WinError 2] 系统找不到指定的文件。
Traceback (most recent call last):
  File "C:\Users\bless\anaconda3\envs\bee\lib\site-packages\wandb\sdk\internal\system\system_info.py", line 215, in _save_conda
    subprocess.call(
  File "C:\Users\bless\anaconda3\envs\bee\lib\subprocess.py", line 340, in call
    with Popen(*popenargs, **kwargs) as p:
  File "C:\Users\bless\anaconda3\envs\bee\lib\subprocess.py", line 858, in __init__
    self._execute_child(args, executable, preexec_fn, close_fds,
  File "C:\Users\bless\anaconda3\envs\bee\lib\subprocess.py", line 1327, in _execute_child
    hp, ht, pid, tid = _winapi.CreateProcess(executable, args,
FileNotFoundError: [WinError 2] 系统找不到指定的文件。
2024-12-16 23:41:18,081 DEBUG   HandlerThread:28444 [system_info.py:_save_conda():220] Saving conda packages done
2024-12-16 23:41:18,082 INFO    HandlerThread:28444 [system_monitor.py:probe():229] Finished publishing system info
2024-12-16 23:41:18,109 DEBUG   SenderThread:28444 [sender.py:send():382] send: files
2024-12-16 23:41:18,109 INFO    SenderThread:28444 [sender.py:_save_file():1403] saving file wandb-metadata.json with policy now
2024-12-16 23:41:18,124 DEBUG   HandlerThread:28444 [handler.py:handle_request():146] handle_request: python_packages
2024-12-16 23:41:18,125 DEBUG   SenderThread:28444 [sender.py:send_request():409] send_request: python_packages
2024-12-16 23:41:18,126 DEBUG   HandlerThread:28444 [handler.py:handle_request():146] handle_request: stop_status
2024-12-16 23:41:18,127 DEBUG   SenderThread:28444 [sender.py:send_request():409] send_request: stop_status
2024-12-16 23:41:18,131 DEBUG   HandlerThread:28444 [handler.py:handle_request():146] handle_request: internal_messages
2024-12-16 23:41:18,452 DEBUG   SenderThread:28444 [sender.py:send():382] send: telemetry
2024-12-16 23:41:18,793 INFO    Thread-12 :28444 [dir_watcher.py:_on_file_created():271] file/dir created: D:\360MoveData\Users\bless\Desktop\LRCD试验\LRCD1216\LRCD\wandb\run-20241216_234040-oj7wjkf8\files\wandb-metadata.json
2024-12-16 23:41:18,794 INFO    Thread-12 :28444 [dir_watcher.py:_on_file_created():271] file/dir created: D:\360MoveData\Users\bless\Desktop\LRCD试验\LRCD1216\LRCD\wandb\run-20241216_234040-oj7wjkf8\files\output.log
2024-12-16 23:41:18,794 INFO    Thread-12 :28444 [dir_watcher.py:_on_file_created():271] file/dir created: D:\360MoveData\Users\bless\Desktop\LRCD试验\LRCD1216\LRCD\wandb\run-20241216_234040-oj7wjkf8\files\conda-environment.yaml
2024-12-16 23:41:18,794 INFO    Thread-12 :28444 [dir_watcher.py:_on_file_created():271] file/dir created: D:\360MoveData\Users\bless\Desktop\LRCD试验\LRCD1216\LRCD\wandb\run-20241216_234040-oj7wjkf8\files\requirements.txt
2024-12-16 23:41:19,690 INFO    wandb-upload_0:28444 [upload_job.py:push():131] Uploaded file C:\Users\bless\AppData\Local\Temp\tmpn0eay3a2wandb\zq965wpe-wandb-metadata.json
2024-12-16 23:41:20,815 INFO    Thread-12 :28444 [dir_watcher.py:_on_file_modified():288] file/dir modified: D:\360MoveData\Users\bless\Desktop\LRCD试验\LRCD1216\LRCD\wandb\run-20241216_234040-oj7wjkf8\files\output.log
2024-12-16 23:41:22,486 DEBUG   HandlerThread:28444 [handler.py:handle_request():146] handle_request: status_report
2024-12-16 23:41:26,860 INFO    Thread-12 :28444 [dir_watcher.py:_on_file_modified():288] file/dir modified: D:\360MoveData\Users\bless\Desktop\LRCD试验\LRCD1216\LRCD\wandb\run-20241216_234040-oj7wjkf8\files\output.log
2024-12-16 23:41:27,032 DEBUG   SenderThread:28444 [sender.py:send():382] send: exit
2024-12-16 23:41:27,032 INFO    SenderThread:28444 [sender.py:send_exit():589] handling exit code: 255
2024-12-16 23:41:27,032 INFO    SenderThread:28444 [sender.py:send_exit():591] handling runtime: 9
2024-12-16 23:41:27,034 INFO    SenderThread:28444 [sender.py:_save_file():1403] saving file wandb-summary.json with policy end
2024-12-16 23:41:27,035 INFO    SenderThread:28444 [sender.py:send_exit():597] send defer
2024-12-16 23:41:27,035 DEBUG   HandlerThread:28444 [handler.py:handle_request():146] handle_request: defer
2024-12-16 23:41:27,035 INFO    HandlerThread:28444 [handler.py:handle_request_defer():172] handle defer: 0
2024-12-16 23:41:27,035 DEBUG   SenderThread:28444 [sender.py:send_request():409] send_request: defer
2024-12-16 23:41:27,035 INFO    SenderThread:28444 [sender.py:send_request_defer():613] handle sender defer: 0
2024-12-16 23:41:27,035 INFO    SenderThread:28444 [sender.py:transition_state():617] send defer: 1
2024-12-16 23:41:27,035 DEBUG   HandlerThread:28444 [handler.py:handle_request():146] handle_request: defer
2024-12-16 23:41:27,036 INFO    HandlerThread:28444 [handler.py:handle_request_defer():172] handle defer: 1
2024-12-16 23:41:27,036 DEBUG   SenderThread:28444 [sender.py:send_request():409] send_request: defer
2024-12-16 23:41:27,036 INFO    SenderThread:28444 [sender.py:send_request_defer():613] handle sender defer: 1
2024-12-16 23:41:27,036 INFO    SenderThread:28444 [sender.py:transition_state():617] send defer: 2
2024-12-16 23:41:27,036 DEBUG   HandlerThread:28444 [handler.py:handle_request():146] handle_request: defer
2024-12-16 23:41:27,036 INFO    HandlerThread:28444 [handler.py:handle_request_defer():172] handle defer: 2
2024-12-16 23:41:27,036 INFO    HandlerThread:28444 [system_monitor.py:finish():203] Stopping system monitor
2024-12-16 23:41:27,036 INFO    HandlerThread:28444 [interfaces.py:finish():202] Joined cpu monitor
2024-12-16 23:41:27,037 DEBUG   SystemMonitor:28444 [system_monitor.py:_start():172] Starting system metrics aggregation loop
2024-12-16 23:41:27,037 INFO    HandlerThread:28444 [interfaces.py:finish():202] Joined disk monitor
2024-12-16 23:41:27,037 DEBUG   SystemMonitor:28444 [system_monitor.py:_start():179] Finished system metrics aggregation loop
2024-12-16 23:41:27,038 INFO    HandlerThread:28444 [interfaces.py:finish():202] Joined memory monitor
2024-12-16 23:41:27,038 DEBUG   SystemMonitor:28444 [system_monitor.py:_start():183] Publishing last batch of metrics
2024-12-16 23:41:27,038 INFO    HandlerThread:28444 [interfaces.py:finish():202] Joined network monitor
2024-12-16 23:41:27,039 DEBUG   SenderThread:28444 [sender.py:send_request():409] send_request: defer
2024-12-16 23:41:27,039 INFO    SenderThread:28444 [sender.py:send_request_defer():613] handle sender defer: 2
2024-12-16 23:41:27,039 INFO    SenderThread:28444 [sender.py:transition_state():617] send defer: 3
2024-12-16 23:41:27,039 DEBUG   SenderThread:28444 [sender.py:send():382] send: stats
2024-12-16 23:41:27,040 DEBUG   HandlerThread:28444 [handler.py:handle_request():146] handle_request: defer
2024-12-16 23:41:27,040 INFO    HandlerThread:28444 [handler.py:handle_request_defer():172] handle defer: 3
2024-12-16 23:41:27,040 DEBUG   SenderThread:28444 [sender.py:send_request():409] send_request: defer
2024-12-16 23:41:27,041 INFO    SenderThread:28444 [sender.py:send_request_defer():613] handle sender defer: 3
2024-12-16 23:41:27,041 INFO    SenderThread:28444 [sender.py:transition_state():617] send defer: 4
2024-12-16 23:41:27,041 DEBUG   HandlerThread:28444 [handler.py:handle_request():146] handle_request: defer
2024-12-16 23:41:27,041 INFO    HandlerThread:28444 [handler.py:handle_request_defer():172] handle defer: 4
2024-12-16 23:41:27,041 DEBUG   SenderThread:28444 [sender.py:send_request():409] send_request: defer
2024-12-16 23:41:27,041 INFO    SenderThread:28444 [sender.py:send_request_defer():613] handle sender defer: 4
2024-12-16 23:41:27,041 INFO    SenderThread:28444 [sender.py:transition_state():617] send defer: 5
2024-12-16 23:41:27,041 DEBUG   HandlerThread:28444 [handler.py:handle_request():146] handle_request: defer
2024-12-16 23:41:27,042 INFO    HandlerThread:28444 [handler.py:handle_request_defer():172] handle defer: 5
2024-12-16 23:41:27,042 DEBUG   SenderThread:28444 [sender.py:send():382] send: summary
2024-12-16 23:41:27,042 INFO    SenderThread:28444 [sender.py:_save_file():1403] saving file wandb-summary.json with policy end
2024-12-16 23:41:27,043 DEBUG   SenderThread:28444 [sender.py:send_request():409] send_request: defer
2024-12-16 23:41:27,043 INFO    SenderThread:28444 [sender.py:send_request_defer():613] handle sender defer: 5
2024-12-16 23:41:27,043 INFO    SenderThread:28444 [sender.py:transition_state():617] send defer: 6
2024-12-16 23:41:27,043 DEBUG   HandlerThread:28444 [handler.py:handle_request():146] handle_request: defer
2024-12-16 23:41:27,043 INFO    HandlerThread:28444 [handler.py:handle_request_defer():172] handle defer: 6
2024-12-16 23:41:27,043 DEBUG   SenderThread:28444 [sender.py:send_request():409] send_request: defer
2024-12-16 23:41:27,044 INFO    SenderThread:28444 [sender.py:send_request_defer():613] handle sender defer: 6
2024-12-16 23:41:27,047 DEBUG   HandlerThread:28444 [handler.py:handle_request():146] handle_request: status_report
2024-12-16 23:41:27,326 INFO    SenderThread:28444 [sender.py:transition_state():617] send defer: 7
2024-12-16 23:41:27,326 DEBUG   HandlerThread:28444 [handler.py:handle_request():146] handle_request: defer
2024-12-16 23:41:27,326 INFO    HandlerThread:28444 [handler.py:handle_request_defer():172] handle defer: 7
2024-12-16 23:41:27,327 DEBUG   SenderThread:28444 [sender.py:send_request():409] send_request: defer
2024-12-16 23:41:27,327 INFO    SenderThread:28444 [sender.py:send_request_defer():613] handle sender defer: 7
2024-12-16 23:41:27,864 INFO    Thread-12 :28444 [dir_watcher.py:_on_file_modified():288] file/dir modified: D:\360MoveData\Users\bless\Desktop\LRCD试验\LRCD1216\LRCD\wandb\run-20241216_234040-oj7wjkf8\files\config.yaml
2024-12-16 23:41:27,865 INFO    Thread-12 :28444 [dir_watcher.py:_on_file_created():271] file/dir created: D:\360MoveData\Users\bless\Desktop\LRCD试验\LRCD1216\LRCD\wandb\run-20241216_234040-oj7wjkf8\files\wandb-summary.json
2024-12-16 23:41:28,037 DEBUG   HandlerThread:28444 [handler.py:handle_request():146] handle_request: poll_exit
2024-12-16 23:41:28,872 INFO    Thread-12 :28444 [dir_watcher.py:_on_file_modified():288] file/dir modified: D:\360MoveData\Users\bless\Desktop\LRCD试验\LRCD1216\LRCD\wandb\run-20241216_234040-oj7wjkf8\files\output.log
2024-12-16 23:41:30,501 INFO    SenderThread:28444 [sender.py:transition_state():617] send defer: 8
2024-12-16 23:41:30,502 DEBUG   SenderThread:28444 [sender.py:send_request():409] send_request: poll_exit
2024-12-16 23:41:30,502 DEBUG   HandlerThread:28444 [handler.py:handle_request():146] handle_request: defer
2024-12-16 23:41:30,502 INFO    HandlerThread:28444 [handler.py:handle_request_defer():172] handle defer: 8
2024-12-16 23:41:30,503 DEBUG   SenderThread:28444 [sender.py:send_request():409] send_request: defer
2024-12-16 23:41:30,503 INFO    SenderThread:28444 [sender.py:send_request_defer():613] handle sender defer: 8
2024-12-16 23:41:30,503 INFO    SenderThread:28444 [job_builder.py:build():296] Attempting to build job artifact
2024-12-16 23:41:30,507 INFO    SenderThread:28444 [job_builder.py:_get_source_type():437] no source found
2024-12-16 23:41:30,507 INFO    SenderThread:28444 [sender.py:transition_state():617] send defer: 9
2024-12-16 23:41:30,507 DEBUG   HandlerThread:28444 [handler.py:handle_request():146] handle_request: defer
2024-12-16 23:41:30,507 INFO    HandlerThread:28444 [handler.py:handle_request_defer():172] handle defer: 9
2024-12-16 23:41:30,507 DEBUG   SenderThread:28444 [sender.py:send_request():409] send_request: defer
2024-12-16 23:41:30,507 INFO    SenderThread:28444 [sender.py:send_request_defer():613] handle sender defer: 9
2024-12-16 23:41:30,507 INFO    SenderThread:28444 [dir_watcher.py:finish():358] shutting down directory watcher
2024-12-16 23:41:30,891 INFO    SenderThread:28444 [dir_watcher.py:_on_file_modified():288] file/dir modified: D:\360MoveData\Users\bless\Desktop\LRCD试验\LRCD1216\LRCD\wandb\run-20241216_234040-oj7wjkf8\files\output.log
2024-12-16 23:41:30,891 INFO    SenderThread:28444 [dir_watcher.py:finish():388] scan: D:\360MoveData\Users\bless\Desktop\LRCD试验\LRCD1216\LRCD\wandb\run-20241216_234040-oj7wjkf8\files
2024-12-16 23:41:30,892 INFO    SenderThread:28444 [dir_watcher.py:finish():402] scan save: D:\360MoveData\Users\bless\Desktop\LRCD试验\LRCD1216\LRCD\wandb\run-20241216_234040-oj7wjkf8\files\conda-environment.yaml conda-environment.yaml
2024-12-16 23:41:30,892 INFO    SenderThread:28444 [dir_watcher.py:finish():402] scan save: D:\360MoveData\Users\bless\Desktop\LRCD试验\LRCD1216\LRCD\wandb\run-20241216_234040-oj7wjkf8\files\config.yaml config.yaml
2024-12-16 23:41:30,892 INFO    SenderThread:28444 [dir_watcher.py:finish():402] scan save: D:\360MoveData\Users\bless\Desktop\LRCD试验\LRCD1216\LRCD\wandb\run-20241216_234040-oj7wjkf8\files\output.log output.log
2024-12-16 23:41:30,896 INFO    SenderThread:28444 [dir_watcher.py:finish():402] scan save: D:\360MoveData\Users\bless\Desktop\LRCD试验\LRCD1216\LRCD\wandb\run-20241216_234040-oj7wjkf8\files\requirements.txt requirements.txt
2024-12-16 23:41:30,897 INFO    SenderThread:28444 [dir_watcher.py:finish():402] scan save: D:\360MoveData\Users\bless\Desktop\LRCD试验\LRCD1216\LRCD\wandb\run-20241216_234040-oj7wjkf8\files\wandb-metadata.json wandb-metadata.json
2024-12-16 23:41:30,897 INFO    SenderThread:28444 [dir_watcher.py:finish():402] scan save: D:\360MoveData\Users\bless\Desktop\LRCD试验\LRCD1216\LRCD\wandb\run-20241216_234040-oj7wjkf8\files\wandb-summary.json wandb-summary.json
2024-12-16 23:41:30,898 INFO    SenderThread:28444 [sender.py:transition_state():617] send defer: 10
2024-12-16 23:41:30,900 DEBUG   HandlerThread:28444 [handler.py:handle_request():146] handle_request: defer
2024-12-16 23:41:30,900 INFO    HandlerThread:28444 [handler.py:handle_request_defer():172] handle defer: 10
2024-12-16 23:41:30,902 DEBUG   SenderThread:28444 [sender.py:send_request():409] send_request: defer
2024-12-16 23:41:30,902 INFO    SenderThread:28444 [sender.py:send_request_defer():613] handle sender defer: 10
2024-12-16 23:41:30,902 INFO    SenderThread:28444 [file_pusher.py:finish():175] shutting down file pusher
2024-12-16 23:41:31,062 DEBUG   HandlerThread:28444 [handler.py:handle_request():146] handle_request: poll_exit
2024-12-16 23:41:31,064 DEBUG   SenderThread:28444 [sender.py:send_request():409] send_request: poll_exit
2024-12-16 23:41:31,506 INFO    wandb-upload_0:28444 [upload_job.py:push():131] Uploaded file D:\360MoveData\Users\bless\Desktop\LRCD试验\LRCD1216\LRCD\wandb\run-20241216_234040-oj7wjkf8\files\config.yaml
2024-12-16 23:41:32,050 INFO    wandb-upload_1:28444 [upload_job.py:push():131] Uploaded file D:\360MoveData\Users\bless\Desktop\LRCD试验\LRCD1216\LRCD\wandb\run-20241216_234040-oj7wjkf8\files\output.log
2024-12-16 23:41:32,077 DEBUG   HandlerThread:28444 [handler.py:handle_request():146] handle_request: poll_exit
2024-12-16 23:41:32,078 DEBUG   SenderThread:28444 [sender.py:send_request():409] send_request: poll_exit
2024-12-16 23:41:32,079 INFO    wandb-upload_2:28444 [upload_job.py:push():131] Uploaded file D:\360MoveData\Users\bless\Desktop\LRCD试验\LRCD1216\LRCD\wandb\run-20241216_234040-oj7wjkf8\files\requirements.txt
2024-12-16 23:41:32,130 INFO    wandb-upload_3:28444 [upload_job.py:push():131] Uploaded file D:\360MoveData\Users\bless\Desktop\LRCD试验\LRCD1216\LRCD\wandb\run-20241216_234040-oj7wjkf8\files\wandb-summary.json
2024-12-16 23:41:32,344 INFO    Thread-11 :28444 [sender.py:transition_state():617] send defer: 11
2024-12-16 23:41:32,345 DEBUG   HandlerThread:28444 [handler.py:handle_request():146] handle_request: defer
2024-12-16 23:41:32,346 INFO    HandlerThread:28444 [handler.py:handle_request_defer():172] handle defer: 11
2024-12-16 23:41:32,346 DEBUG   SenderThread:28444 [sender.py:send_request():409] send_request: defer
2024-12-16 23:41:32,347 INFO    SenderThread:28444 [sender.py:send_request_defer():613] handle sender defer: 11
2024-12-16 23:41:32,347 INFO    SenderThread:28444 [file_pusher.py:join():181] waiting for file pusher
2024-12-16 23:41:32,347 INFO    SenderThread:28444 [sender.py:transition_state():617] send defer: 12
2024-12-16 23:41:32,348 DEBUG   HandlerThread:28444 [handler.py:handle_request():146] handle_request: defer
2024-12-16 23:41:32,348 INFO    HandlerThread:28444 [handler.py:handle_request_defer():172] handle defer: 12
2024-12-16 23:41:32,349 DEBUG   SenderThread:28444 [sender.py:send_request():409] send_request: defer
2024-12-16 23:41:32,349 INFO    SenderThread:28444 [sender.py:send_request_defer():613] handle sender defer: 12
2024-12-16 23:41:32,349 INFO    SenderThread:28444 [file_stream.py:finish():595] file stream finish called
2024-12-16 23:41:32,622 INFO    SenderThread:28444 [file_stream.py:finish():599] file stream finish is done
2024-12-16 23:41:32,622 INFO    SenderThread:28444 [sender.py:transition_state():617] send defer: 13
2024-12-16 23:41:32,623 DEBUG   HandlerThread:28444 [handler.py:handle_request():146] handle_request: defer
2024-12-16 23:41:32,623 INFO    HandlerThread:28444 [handler.py:handle_request_defer():172] handle defer: 13
2024-12-16 23:41:32,624 DEBUG   SenderThread:28444 [sender.py:send_request():409] send_request: defer
2024-12-16 23:41:32,624 INFO    SenderThread:28444 [sender.py:send_request_defer():613] handle sender defer: 13
2024-12-16 23:41:32,624 INFO    SenderThread:28444 [sender.py:transition_state():617] send defer: 14
2024-12-16 23:41:32,625 DEBUG   SenderThread:28444 [sender.py:send():382] send: final
2024-12-16 23:41:32,625 DEBUG   SenderThread:28444 [sender.py:send():382] send: footer
2024-12-16 23:41:32,625 DEBUG   HandlerThread:28444 [handler.py:handle_request():146] handle_request: defer
2024-12-16 23:41:32,626 INFO    HandlerThread:28444 [handler.py:handle_request_defer():172] handle defer: 14
2024-12-16 23:41:32,626 DEBUG   SenderThread:28444 [sender.py:send_request():409] send_request: defer
2024-12-16 23:41:32,626 INFO    SenderThread:28444 [sender.py:send_request_defer():613] handle sender defer: 14
2024-12-16 23:41:32,627 DEBUG   HandlerThread:28444 [handler.py:handle_request():146] handle_request: poll_exit
2024-12-16 23:41:32,629 DEBUG   HandlerThread:28444 [handler.py:handle_request():146] handle_request: poll_exit
2024-12-16 23:41:32,629 DEBUG   HandlerThread:28444 [handler.py:handle_request():146] handle_request: server_info
2024-12-16 23:41:32,629 DEBUG   HandlerThread:28444 [handler.py:handle_request():146] handle_request: get_summary
2024-12-16 23:41:32,629 DEBUG   HandlerThread:28444 [handler.py:handle_request():146] handle_request: sampled_history
2024-12-16 23:41:32,630 DEBUG   HandlerThread:28444 [handler.py:handle_request():146] handle_request: internal_messages
2024-12-16 23:41:32,630 DEBUG   SenderThread:28444 [sender.py:send_request():409] send_request: poll_exit
2024-12-16 23:41:32,631 DEBUG   HandlerThread:28444 [handler.py:handle_request():146] handle_request: job_info
2024-12-16 23:41:32,631 DEBUG   SenderThread:28444 [sender.py:send_request():409] send_request: poll_exit
2024-12-16 23:41:32,631 DEBUG   SenderThread:28444 [sender.py:send_request():409] send_request: server_info
2024-12-16 23:41:32,905 DEBUG   SenderThread:28444 [sender.py:send_request():409] send_request: job_info
2024-12-16 23:41:32,906 INFO    MainThread:28444 [wandb_run.py:_footer_history_summary_info():3857] rendering history
2024-12-16 23:41:32,906 INFO    MainThread:28444 [wandb_run.py:_footer_history_summary_info():3889] rendering summary
2024-12-16 23:41:32,906 INFO    MainThread:28444 [wandb_run.py:_footer_sync_info():3816] logging synced files
2024-12-16 23:41:32,909 DEBUG   HandlerThread:28444 [handler.py:handle_request():146] handle_request: shutdown
2024-12-16 23:41:32,909 INFO    HandlerThread:28444 [handler.py:finish():869] shutting down handler
2024-12-16 23:41:33,642 INFO    WriterThread:28444 [datastore.py:close():296] close: D:\360MoveData\Users\bless\Desktop\LRCD试验\LRCD1216\LRCD\wandb\run-20241216_234040-oj7wjkf8\run-oj7wjkf8.wandb
2024-12-16 23:41:33,910 INFO    SenderThread:28444 [sender.py:finish():1572] shutting down sender
2024-12-16 23:41:33,911 INFO    SenderThread:28444 [file_pusher.py:finish():175] shutting down file pusher
2024-12-16 23:41:33,911 INFO    SenderThread:28444 [file_pusher.py:join():181] waiting for file pusher
